\BOOKMARK [0][-]{dummy.1}{\376\377\000A\000b\000s\000t\000r\000a\000c\000t}{}% 1
\BOOKMARK [0][-]{chapter.3}{\376\377\0001\000\040\000P\000r\000o\000j\000e\000c\000t\000\040\000G\000o\000a\000l\000s}{}% 2
\BOOKMARK [1][-]{section.4}{\376\377\0001\000.\0001\000\040\000T\000h\000e\000\040\000P\000r\000o\000b\000l\000e\000m}{chapter.3}% 3
\BOOKMARK [1][-]{section.5}{\376\377\0001\000.\0002\000\040\000P\000r\000o\000j\000e\000c\000t\000\040\000O\000b\000j\000e\000c\000t\000i\000v\000e}{chapter.3}% 4
\BOOKMARK [1][-]{section.6}{\376\377\0001\000.\0003\000\040\000G\000o\000a\000l\000s}{chapter.3}% 5
\BOOKMARK [1][-]{section.18}{\376\377\0001\000.\0004\000\040\000U\000n\000i\000q\000u\000e\000\040\000F\000e\000a\000t\000u\000r\000e\000s}{chapter.3}% 6
\BOOKMARK [0][-]{chapter.19}{\376\377\0002\000\040\000B\000a\000c\000k\000g\000r\000o\000u\000n\000d\000\040\000a\000n\000d\000\040\000R\000e\000p\000o\000r\000t\000\040\000o\000f\000\040\000L\000i\000t\000e\000r\000a\000t\000u\000r\000e\000\040\000R\000e\000v\000i\000e\000w}{}% 7
\BOOKMARK [1][-]{section.20}{\376\377\0002\000.\0001\000\040\000E\000x\000i\000s\000t\000i\000n\000g\000\040\000D\000a\000t\000a\000-\000R\000a\000n\000k\000i\000n\000g\000\040\000I\000m\000p\000l\000e\000m\000e\000n\000t\000a\000t\000i\000o\000n\000s}{chapter.19}% 8
\BOOKMARK [1][-]{section.21}{\376\377\0002\000.\0002\000\040\000T\000e\000x\000t\000\040\000A\000n\000a\000l\000y\000t\000i\000c\000s\000\040\000L\000i\000b\000r\000a\000r\000i\000e\000s}{chapter.19}% 9
\BOOKMARK [1][-]{section.22}{\376\377\0002\000.\0003\000\040\000D\000a\000t\000a\000-\000M\000i\000n\000i\000n\000g}{chapter.19}% 10
\BOOKMARK [1][-]{section.23}{\376\377\0002\000.\0004\000\040\000S\000e\000m\000a\000n\000t\000i\000c\000\040\000A\000n\000a\000l\000y\000s\000i\000s}{chapter.19}% 11
\BOOKMARK [2][-]{subsection.24}{\376\377\0002\000.\0004\000.\0001\000\040\000D\000a\000t\000u\000m\000B\000o\000x\000\040\000A\000P\000I\000\040\000a\000n\000d\000\040\000U\000s\000a\000g\000e}{section.23}% 12
\BOOKMARK [1][-]{section.25}{\376\377\0002\000.\0005\000\040\000S\000o\000r\000t\000i\000n\000g\000\040\000A\000l\000g\000o\000r\000i\000t\000h\000m\000s}{chapter.19}% 13
\BOOKMARK [1][-]{section.27}{\376\377\0002\000.\0006\000\040\000D\000a\000t\000a\000\040\000S\000o\000u\000r\000c\000e\000s\000\040\000a\000n\000d\000\040\000P\000e\000r\000s\000i\000s\000t\000e\000n\000c\000e}{chapter.19}% 14
\BOOKMARK [1][-]{section.28}{\376\377\0002\000.\0007\000\040\000R\000e\000c\000o\000m\000m\000e\000n\000d\000a\000t\000i\000o\000n\000\040\000S\000y\000s\000t\000e\000m\000s}{chapter.19}% 15
\BOOKMARK [2][-]{subsection.29}{\376\377\0002\000.\0007\000.\0001\000\040\000C\000o\000l\000l\000a\000b\000o\000r\000a\000t\000i\000v\000e\000\040\000F\000i\000l\000t\000e\000r\000i\000n\000g}{section.28}% 16
\BOOKMARK [2][-]{subsection.30}{\376\377\0002\000.\0007\000.\0002\000\040\000C\000o\000n\000t\000e\000n\000t\000-\000B\000a\000s\000e\000d\000\040\000F\000i\000l\000t\000e\000r\000i\000n\000g}{section.28}% 17
\BOOKMARK [2][-]{subsection.31}{\376\377\0002\000.\0007\000.\0003\000\040\000H\000y\000b\000r\000i\000d\000\040\000R\000e\000c\000o\000m\000m\000e\000n\000d\000e\000r\000\040\000S\000y\000s\000t\000e\000m\000s}{section.28}% 18
\BOOKMARK [2][-]{subsection.32}{\376\377\0002\000.\0007\000.\0004\000\040\000T\000h\000e\000\040\000U\000t\000i\000l\000i\000t\000y\000\040\000M\000a\000t\000r\000i\000x}{section.28}% 19
\BOOKMARK [0][-]{chapter.35}{\376\377\0003\000\040\000R\000e\000p\000o\000r\000t\000\040\000o\000n\000\040\000T\000e\000c\000h\000n\000i\000c\000a\000l\000\040\000P\000r\000o\000g\000r\000e\000s\000s}{}% 20
\BOOKMARK [1][-]{section.36}{\376\377\0003\000.\0001\000\040\000R\000e\000s\000e\000a\000r\000c\000h\000\040\000P\000r\000o\000g\000r\000e\000s\000s}{chapter.35}% 21
\BOOKMARK [2][-]{subsection.47}{\376\377\0003\000.\0001\000.\0001\000\040\000L\000e\000x\000i\000c\000a\000l\000\040\000A\000n\000a\000l\000y\000s\000i\000s\000\040\000a\000n\000d\000\040\000P\000r\000e\000p\000r\000o\000c\000e\000s\000s\000i\000n\000g}{section.36}% 22
\BOOKMARK [1][-]{section.48}{\376\377\0003\000.\0002\000\040\000I\000m\000p\000l\000e\000m\000e\000n\000t\000a\000t\000i\000o\000n\000\040\000P\000r\000o\000g\000r\000e\000s\000s}{chapter.35}% 23
\BOOKMARK [0][-]{chapter.49}{\376\377\0004\000\040\000P\000l\000a\000n\000\040\000o\000f\000\040\000R\000e\000m\000a\000i\000n\000i\000n\000g\000\040\000W\000o\000r\000k}{}% 24
\BOOKMARK [1][-]{section.50}{\376\377\0004\000.\0001\000\040\000R\000e\000m\000a\000i\000n\000i\000n\000g\000\040\000w\000o\000r\000k}{chapter.49}% 25
\BOOKMARK [2][-]{subsection.51}{\376\377\0004\000.\0001\000.\0001\000\040\000A\000l\000g\000o\000r\000i\000t\000h\000m\000\040\000a\000n\000d\000\040\000J\000a\000v\000a\000\040\000A\000P\000I\000\040\000I\000m\000p\000l\000e\000m\000e\000n\000t\000a\000t\000i\000o\000n}{section.50}% 26
\BOOKMARK [2][-]{subsection.52}{\376\377\0004\000.\0001\000.\0002\000\040\000D\000e\000m\000o\000n\000s\000t\000r\000a\000t\000i\000o\000n\000\040\000A\000p\000p\000l\000i\000c\000a\000t\000i\000o\000n}{section.50}% 27
\BOOKMARK [1][-]{section.53}{\376\377\0004\000.\0002\000\040\000P\000l\000a\000n\000n\000i\000n\000g\000\040\000a\000n\000d\000\040\000C\000o\000n\000t\000i\000n\000g\000e\000n\000c\000y}{chapter.49}% 28
\BOOKMARK [2][-]{subsection.54}{\376\377\0004\000.\0002\000.\0001\000\040\000A\000l\000g\000o\000r\000i\000t\000h\000m\000\040\000a\000n\000d\000\040\000J\000a\000v\000a\000\040\000A\000P\000I\000\040\000I\000m\000p\000l\000e\000m\000e\000n\000t\000a\000t\000i\000o\000n}{section.53}% 29
\BOOKMARK [2][-]{subsection.55}{\376\377\0004\000.\0002\000.\0002\000\040\000D\000e\000m\000o\000n\000s\000t\000r\000a\000t\000i\000o\000n\000\040\000A\000p\000p\000l\000i\000c\000a\000t\000i\000o\000n}{section.53}% 30
\BOOKMARK [2][-]{subsection.56}{\376\377\0004\000.\0002\000.\0003\000\040\000C\000o\000n\000t\000i\000n\000g\000e\000n\000c\000y\000\040\000P\000l\000a\000n\000n\000i\000n\000g}{section.53}% 31
\BOOKMARK [0][-]{appendix.58}{\376\377\000A\000\040\000P\000r\000o\000j\000e\000c\000t\000\040\000B\000r\000i\000e\000f}{}% 32
\BOOKMARK [1][-]{section*.59}{\376\377\000P\000r\000o\000b\000l\000e\000m}{appendix.58}% 33
\BOOKMARK [2][-]{section*.60}{\376\377\000G\000o\000a\000l\000s}{section*.59}% 34
\BOOKMARK [3][-]{section*.61}{\376\377\000S\000c\000o\000p\000e}{section*.60}% 35
\BOOKMARK [0][-]{appendix.62}{\376\377\000B\000\040\000A\000P\000I\000\040\000C\000o\000d\000e\000\040\000E\000x\000a\000m\000p\000l\000e\000s}{}% 36
\BOOKMARK [0][-]{dummy.119}{\376\377\000B\000i\000b\000l\000i\000o\000g\000r\000a\000p\000h\000y}{}% 37
