\BOOKMARK [0][-]{dummy.1}{\376\377\000A\000b\000s\000t\000r\000a\000c\000t}{}% 1
\BOOKMARK [0][-]{dummy.2}{\376\377\000A\000c\000k\000n\000o\000w\000l\000e\000d\000g\000e\000m\000e\000n\000t\000s}{}% 2
\BOOKMARK [0][-]{dummy.4}{\376\377\000L\000i\000s\000t\000\040\000o\000f\000\040\000F\000i\000g\000u\000r\000e\000s}{}% 3
\BOOKMARK [0][-]{dummy.6}{\376\377\000L\000i\000s\000t\000\040\000o\000f\000\040\000T\000a\000b\000l\000e\000s}{}% 4
\BOOKMARK [0][-]{dummy.8}{\376\377\000A\000b\000b\000r\000e\000v\000i\000a\000t\000i\000o\000n\000s}{}% 5
\BOOKMARK [0][-]{dummy.11}{\376\377\000P\000h\000y\000s\000i\000c\000a\000l\000\040\000C\000o\000n\000s\000t\000a\000n\000t\000s}{}% 6
\BOOKMARK [0][-]{dummy.14}{\376\377\000S\000y\000m\000b\000o\000l\000s}{}% 7
\BOOKMARK [0][-]{chapter.17}{\376\377\0001\000\040\000I\000n\000t\000r\000o\000d\000u\000c\000t\000i\000o\000n}{}% 8
\BOOKMARK [1][-]{section.18}{\376\377\0001\000.\0001\000\040\000T\000h\000e\000\040\000P\000r\000o\000b\000l\000e\000m}{chapter.17}% 9
\BOOKMARK [1][-]{section.19}{\376\377\0001\000.\0002\000\040\000P\000r\000o\000j\000e\000c\000t\000\040\000O\000b\000j\000e\000c\000t\000i\000v\000e}{chapter.17}% 10
\BOOKMARK [1][-]{section.20}{\376\377\0001\000.\0003\000\040\000G\000o\000a\000l\000s}{chapter.17}% 11
\BOOKMARK [1][-]{section.33}{\376\377\0001\000.\0004\000\040\000U\000n\000i\000q\000u\000e\000\040\000F\000e\000a\000t\000u\000r\000e\000s}{chapter.17}% 12
\BOOKMARK [0][-]{chapter.34}{\376\377\0002\000\040\000L\000i\000t\000e\000r\000a\000t\000u\000r\000e\000\040\000R\000e\000v\000i\000e\000w}{}% 13
\BOOKMARK [1][-]{section.35}{\376\377\0002\000.\0001\000\040\000E\000x\000i\000s\000t\000i\000n\000g\000\040\000D\000a\000t\000a\000-\000R\000a\000n\000k\000i\000n\000g\000\040\000I\000m\000p\000l\000e\000m\000e\000n\000t\000a\000t\000i\000o\000n\000s}{chapter.34}% 14
\BOOKMARK [2][-]{section*.36}{\376\377\000G\000o\000o\000g\000l\000e\000\040\000N\000o\000w}{section.35}% 15
\BOOKMARK [3][-]{section*.37}{\376\377\000V\000i\000r\000a\000l\000H\000e\000a\000t}{section*.36}% 16
\BOOKMARK [4][-]{section*.38}{\376\377\000S\000t\000r\000e\000a\000m\000L\000i\000f\000e}{section*.37}% 17
\BOOKMARK [1][-]{section.39}{\376\377\0002\000.\0002\000\040\000T\000e\000x\000t\000\040\000a\000n\000a\000l\000y\000t\000i\000c\000s\000\040\000l\000i\000b\000r\000a\000r\000i\000e\000s}{chapter.34}% 18
\BOOKMARK [2][-]{section*.40}{\376\377\000A\000l\000c\000h\000e\000m\000y\000A\000P\000I}{section.39}% 19
\BOOKMARK [3][-]{section*.41}{\376\377\000S\000e\000m\000a\000n\000t\000r\000i\000a}{section*.40}% 20
\BOOKMARK [4][-]{section*.42}{\376\377\000D\000a\000t\000u\000m\000B\000o\000x}{section*.41}% 21
\BOOKMARK [1][-]{section.43}{\376\377\0002\000.\0003\000\040\000D\000a\000t\000a\000-\000m\000i\000n\000i\000n\000g}{chapter.34}% 22
\BOOKMARK [2][-]{subsection.44}{\376\377\0002\000.\0003\000.\0001\000\040\000F\000a\000c\000e\000b\000o\000o\000k}{section.43}% 23
\BOOKMARK [2][-]{subsection.53}{\376\377\0002\000.\0003\000.\0002\000\040\000T\000w\000i\000t\000t\000e\000r}{section.43}% 24
\BOOKMARK [2][-]{subsection.62}{\376\377\0002\000.\0003\000.\0003\000\040\000G\000o\000o\000g\000l\000e\000\040\000C\000a\000l\000e\000n\000d\000a\000r}{section.43}% 25
\BOOKMARK [2][-]{subsection.70}{\376\377\0002\000.\0003\000.\0004\000\040\000G\000o\000o\000g\000l\000e\000\040\000T\000a\000s\000k\000s}{section.43}% 26
\BOOKMARK [2][-]{subsection.73}{\376\377\0002\000.\0003\000.\0005\000\040\000A\000n\000d\000r\000o\000i\000d\000\040\000S\000M\000S}{section.43}% 27
\BOOKMARK [1][-]{section.91}{\376\377\0002\000.\0004\000\040\000S\000e\000m\000a\000n\000t\000i\000c\000\040\000A\000n\000a\000l\000y\000s\000i\000s}{chapter.34}% 28
\BOOKMARK [2][-]{subsection.92}{\376\377\0002\000.\0004\000.\0001\000\040\000D\000a\000t\000u\000m\000B\000o\000x\000\040\000A\000P\000I\000\040\000a\000n\000d\000\040\000u\000s\000a\000g\000e}{section.91}% 29
\BOOKMARK [1][-]{section.107}{\376\377\0002\000.\0005\000\040\000S\000o\000r\000t\000i\000n\000g\000\040\000A\000l\000g\000o\000r\000i\000t\000h\000m\000s}{chapter.34}% 30
\BOOKMARK [1][-]{section.108}{\376\377\0002\000.\0006\000\040\000D\000a\000t\000a\000\040\000S\000o\000u\000r\000c\000e\000s\000\040\000a\000n\000d\000\040\000P\000e\000r\000s\000i\000s\000t\000e\000n\000c\000e}{chapter.34}% 31
\BOOKMARK [1][-]{section.109}{\376\377\0002\000.\0007\000\040\000R\000e\000c\000o\000m\000m\000e\000n\000d\000e\000r\000\040\000S\000y\000s\000t\000e\000m\000s}{chapter.34}% 32
\BOOKMARK [2][-]{subsection.110}{\376\377\0002\000.\0007\000.\0001\000\040\000C\000o\000l\000l\000a\000b\000o\000r\000a\000t\000i\000v\000e\000\040\000F\000i\000l\000t\000e\000r\000i\000n\000g}{section.109}% 33
\BOOKMARK [2][-]{subsection.111}{\376\377\0002\000.\0007\000.\0002\000\040\000C\000o\000n\000t\000e\000n\000t\000-\000b\000a\000s\000e\000d\000\040\000F\000i\000l\000t\000e\000r\000i\000n\000g}{section.109}% 34
\BOOKMARK [2][-]{subsection.112}{\376\377\0002\000.\0007\000.\0003\000\040\000H\000y\000b\000r\000i\000d\000\040\000R\000e\000c\000o\000m\000m\000e\000n\000d\000e\000r\000\040\000S\000y\000s\000t\000e\000m\000s}{section.109}% 35
\BOOKMARK [2][-]{subsection.113}{\376\377\0002\000.\0007\000.\0004\000\040\000T\000h\000e\000\040\000U\000t\000i\000l\000i\000t\000y\000\040\000M\000a\000t\000r\000i\000x}{section.109}% 36
\BOOKMARK [3][-]{subsubsection.114}{\376\377\0002\000.\0007\000.\0004\000.\0001\000\040\000P\000o\000p\000u\000l\000a\000t\000i\000n\000g\000\040\000t\000h\000e\000\040\000U\000t\000i\000l\000i\000t\000y\000\040\000M\000a\000t\000r\000i\000x}{subsection.113}% 37
\BOOKMARK [0][-]{chapter.117}{\376\377\0003\000\040\000A\000l\000g\000o\000r\000i\000t\000h\000m\000\040\000D\000e\000s\000i\000g\000n}{}% 38
\BOOKMARK [1][-]{section.118}{\376\377\0003\000.\0001\000\040\000U\000s\000e\000r\000\040\000P\000r\000o\000f\000i\000l\000e}{chapter.117}% 39
\BOOKMARK [1][-]{section.119}{\376\377\0003\000.\0002\000\040\000S\000c\000o\000r\000i\000n\000g\000\040\000R\000u\000l\000e}{chapter.117}% 40
\BOOKMARK [2][-]{subsection.120}{\376\377\0003\000.\0002\000.\0001\000\040\000T\000o\000p\000i\000c\000-\000c\000l\000a\000s\000s\000i\000f\000i\000c\000a\000t\000i\000o\000n\000\040\000s\000c\000o\000r\000i\000n\000g\000\040\000f\000o\000r\000m\000u\000l\000a\000e}{section.119}% 41
\BOOKMARK [2][-]{subsection.122}{\376\377\0003\000.\0002\000.\0002\000\040\000U\000n\000w\000e\000i\000g\000h\000t\000e\000d\000\040\000S\000c\000o\000r\000i\000n\000g\000\040\000R\000u\000l\000e}{section.119}% 42
\BOOKMARK [2][-]{subsection.124}{\376\377\0003\000.\0002\000.\0003\000\040\000W\000e\000i\000g\000h\000t\000e\000d\000\040\000S\000c\000o\000r\000i\000n\000g\000\040\000R\000u\000l\000e}{section.119}% 43
\BOOKMARK [2][-]{subsection.131}{\376\377\0003\000.\0002\000.\0004\000\040\000T\000i\000m\000e\000-\000R\000e\000l\000e\000v\000a\000n\000c\000e\000\040\000a\000n\000d\000\040\000I\000t\000e\000m\000\040\000r\000e\000m\000o\000v\000a\000l}{section.119}% 44
\BOOKMARK [1][-]{section.138}{\376\377\0003\000.\0003\000\040\000L\000e\000x\000i\000c\000a\000l\000\040\000A\000n\000a\000l\000y\000s\000i\000s\000\040\000a\000n\000d\000\040\000P\000r\000e\000p\000r\000o\000c\000e\000s\000s\000i\000n\000g}{chapter.117}% 45
\BOOKMARK [1][-]{section.139}{\376\377\0003\000.\0004\000\040\000R\000a\000n\000k\000i\000n\000g\000\040\000A\000l\000g\000o\000r\000i\000t\000h\000m}{chapter.117}% 46
\BOOKMARK [0][-]{chapter.141}{\376\377\0004\000\040\000D\000e\000s\000i\000g\000n\000\040\000D\000e\000t\000a\000i\000l\000\040\000a\000n\000d\000\040\000S\000p\000e\000c\000i\000f\000i\000c\000a\000t\000i\000o\000n}{}% 47
\BOOKMARK [1][-]{section.142}{\376\377\0004\000.\0001\000\040\000D\000a\000t\000a\000\040\000S\000o\000u\000r\000c\000e\000s\000\040\000a\000n\000d\000\040\000A\000c\000q\000u\000i\000s\000i\000t\000i\000o\000n}{chapter.141}% 48
\BOOKMARK [2][-]{subsection.143}{\376\377\0004\000.\0001\000.\0001\000\040\000D\000a\000t\000a\000\040\000A\000c\000q\000u\000i\000s\000i\000t\000i\000o\000n}{section.142}% 49
\BOOKMARK [2][-]{subsection.144}{\376\377\0004\000.\0001\000.\0002\000\040\000D\000a\000t\000a\000\040\000I\000t\000e\000m\000\040\000C\000o\000n\000v\000e\000r\000s\000i\000o\000n}{section.142}% 50
\BOOKMARK [2][-]{subsection.145}{\376\377\0004\000.\0001\000.\0003\000\040\000U\000s\000e\000r\000\040\000P\000r\000o\000f\000i\000l\000e\000\040\000A\000c\000q\000u\000i\000s\000i\000t\000i\000o\000n}{section.142}% 51
\BOOKMARK [1][-]{section.146}{\376\377\0004\000.\0002\000\040\000S\000c\000o\000r\000i\000n\000g\000\040\000A\000l\000g\000o\000r\000i\000t\000h\000m}{chapter.141}% 52
\BOOKMARK [1][-]{section.147}{\376\377\0004\000.\0003\000\040\000R\000a\000n\000k\000i\000n\000g\000\040\000A\000l\000g\000o\000r\000i\000t\000h\000m}{chapter.141}% 53
\BOOKMARK [1][-]{section.148}{\376\377\0004\000.\0004\000\040\000A\000n\000d\000r\000o\000i\000d\000\040\000D\000e\000m\000o\000n\000s\000t\000r\000a\000t\000i\000o\000n}{chapter.141}% 54
\BOOKMARK [0][-]{chapter.149}{\376\377\0005\000\040\000I\000m\000p\000l\000e\000m\000e\000n\000t\000a\000t\000i\000o\000n}{}% 55
\BOOKMARK [1][-]{section.150}{\376\377\0005\000.\0001\000\040\000A\000P\000I\000\040\000D\000e\000v\000e\000l\000o\000p\000m\000e\000n\000t}{chapter.149}% 56
\BOOKMARK [1][-]{section.151}{\376\377\0005\000.\0002\000\040\000A\000n\000d\000r\000o\000i\000d\000\040\000A\000p\000p\000\040\000D\000e\000v\000e\000l\000o\000p\000m\000e\000n\000t}{chapter.149}% 57
\BOOKMARK [0][-]{chapter.152}{\376\377\0006\000\040\000P\000l\000a\000n\000n\000i\000n\000g\000\040\000a\000n\000d\000\040\000P\000r\000o\000g\000r\000e\000s\000s}{}% 58
\BOOKMARK [1][-]{section.153}{\376\377\0006\000.\0001\000\040\000P\000l\000a\000n\000n\000i\000n\000g}{chapter.152}% 59
\BOOKMARK [2][-]{subsection.154}{\376\377\0006\000.\0001\000.\0001\000\040\000S\000k\000i\000l\000l\000s\000\040\000A\000u\000d\000i\000t}{section.153}% 60
\BOOKMARK [1][-]{section.155}{\376\377\0006\000.\0002\000\040\000T\000i\000m\000e\000\040\000S\000c\000h\000e\000d\000u\000l\000e}{chapter.152}% 61
\BOOKMARK [1][-]{section.156}{\376\377\0006\000.\0003\000\040\000P\000r\000o\000g\000r\000e\000s\000s}{chapter.152}% 62
\BOOKMARK [1][-]{section.157}{\376\377\0006\000.\0004\000\040\000R\000i\000s\000k\000\040\000A\000n\000a\000l\000y\000s\000i\000s\000\040\000a\000n\000d\000\040\000C\000o\000n\000t\000i\000n\000g\000e\000n\000c\000y\000\040\000P\000l\000a\000n\000n\000i\000n\000g}{chapter.152}% 63
\BOOKMARK [0][-]{chapter.158}{\376\377\0007\000\040\000T\000e\000s\000t\000i\000n\000g\000\040\000S\000t\000r\000a\000t\000e\000g\000y\000\040\000a\000n\000d\000\040\000R\000e\000s\000u\000l\000t\000s}{}% 64
\BOOKMARK [1][-]{section.159}{\376\377\0007\000.\0001\000\040\000A\000\040\000S\000e\000c\000t\000i\000o\000n}{chapter.158}% 65
\BOOKMARK [2][-]{subsection.160}{\376\377\0007\000.\0001\000.\0001\000\040\000A\000\040\000S\000u\000b\000s\000e\000c\000t\000i\000o\000n}{section.159}% 66
\BOOKMARK [1][-]{section.161}{\376\377\0007\000.\0002\000\040\000A\000n\000o\000t\000h\000e\000r\000\040\000S\000e\000c\000t\000i\000o\000n}{chapter.158}% 67
\BOOKMARK [0][-]{chapter.162}{\376\377\0008\000\040\000C\000r\000i\000t\000i\000c\000a\000l\000\040\000E\000v\000a\000l\000u\000a\000t\000i\000o\000n}{}% 68
\BOOKMARK [1][-]{section.163}{\376\377\0008\000.\0001\000\040\000A\000\040\000S\000e\000c\000t\000i\000o\000n}{chapter.162}% 69
\BOOKMARK [2][-]{subsection.164}{\376\377\0008\000.\0001\000.\0001\000\040\000A\000\040\000S\000u\000b\000s\000e\000c\000t\000i\000o\000n}{section.163}% 70
\BOOKMARK [1][-]{section.165}{\376\377\0008\000.\0002\000\040\000A\000n\000o\000t\000h\000e\000r\000\040\000S\000e\000c\000t\000i\000o\000n}{chapter.162}% 71
\BOOKMARK [0][-]{chapter.166}{\376\377\0009\000\040\000C\000o\000n\000c\000l\000u\000s\000i\000o\000n}{}% 72
\BOOKMARK [1][-]{section.167}{\376\377\0009\000.\0001\000\040\000A\000\040\000S\000e\000c\000t\000i\000o\000n}{chapter.166}% 73
\BOOKMARK [2][-]{subsection.168}{\376\377\0009\000.\0001\000.\0001\000\040\000A\000\040\000S\000u\000b\000s\000e\000c\000t\000i\000o\000n}{section.167}% 74
\BOOKMARK [1][-]{section.169}{\376\377\0009\000.\0002\000\040\000A\000n\000o\000t\000h\000e\000r\000\040\000S\000e\000c\000t\000i\000o\000n}{chapter.166}% 75
\BOOKMARK [0][-]{chapter.170}{\376\377\0001\0000\000\040\000F\000u\000r\000t\000h\000e\000r\000\040\000W\000o\000r\000k}{}% 76
\BOOKMARK [1][-]{section.171}{\376\377\0001\0000\000.\0001\000\040\000A\000\040\000S\000e\000c\000t\000i\000o\000n}{chapter.170}% 77
\BOOKMARK [2][-]{subsection.172}{\376\377\0001\0000\000.\0001\000.\0001\000\040\000A\000\040\000S\000u\000b\000s\000e\000c\000t\000i\000o\000n}{section.171}% 78
\BOOKMARK [1][-]{section.173}{\376\377\0001\0000\000.\0002\000\040\000A\000n\000o\000t\000h\000e\000r\000\040\000S\000e\000c\000t\000i\000o\000n}{chapter.170}% 79
\BOOKMARK [0][-]{appendix.174}{\376\377\000A\000\040\000A\000n\000\040\000A\000p\000p\000e\000n\000d\000i\000x}{}% 80
\BOOKMARK [0][-]{dummy.175}{\376\377\000B\000i\000b\000l\000i\000o\000g\000r\000a\000p\000h\000y}{}% 81
