\BOOKMARK [0][-]{dummy.1}{\376\377\000A\000b\000s\000t\000r\000a\000c\000t}{}% 1
\BOOKMARK [0][-]{chapter.3}{\376\377\0001\000\040\000P\000r\000o\000j\000e\000c\000t\000\040\000G\000o\000a\000l\000s}{}% 2
\BOOKMARK [1][-]{section.4}{\376\377\0001\000.\0001\000\040\000T\000h\000e\000\040\000P\000r\000o\000b\000l\000e\000m}{chapter.3}% 3
\BOOKMARK [1][-]{section.5}{\376\377\0001\000.\0002\000\040\000P\000r\000o\000j\000e\000c\000t\000\040\000O\000b\000j\000e\000c\000t\000i\000v\000e}{chapter.3}% 4
\BOOKMARK [1][-]{section.6}{\376\377\0001\000.\0003\000\040\000G\000o\000a\000l\000s}{chapter.3}% 5
\BOOKMARK [1][-]{section.18}{\376\377\0001\000.\0004\000\040\000U\000n\000i\000q\000u\000e\000\040\000F\000e\000a\000t\000u\000r\000e\000s}{chapter.3}% 6
\BOOKMARK [0][-]{chapter.19}{\376\377\0002\000\040\000B\000a\000c\000k\000g\000r\000o\000u\000n\000d\000\040\000a\000n\000d\000\040\000R\000e\000p\000o\000r\000t\000\040\000o\000f\000\040\000L\000i\000t\000e\000r\000a\000t\000u\000r\000e\000\040\000R\000e\000v\000i\000e\000w}{}% 7
\BOOKMARK [1][-]{section.20}{\376\377\0002\000.\0001\000\040\000E\000x\000i\000s\000t\000i\000n\000g\000\040\000D\000a\000t\000a\000-\000R\000a\000n\000k\000i\000n\000g\000\040\000I\000m\000p\000l\000e\000m\000e\000n\000t\000a\000t\000i\000o\000n\000s}{chapter.19}% 8
\BOOKMARK [1][-]{section.21}{\376\377\0002\000.\0002\000\040\000T\000e\000x\000t\000\040\000a\000n\000a\000l\000y\000t\000i\000c\000s\000\040\000l\000i\000b\000r\000a\000r\000i\000e\000s}{chapter.19}% 9
\BOOKMARK [1][-]{section.22}{\376\377\0002\000.\0003\000\040\000D\000a\000t\000a\000-\000m\000i\000n\000i\000n\000g}{chapter.19}% 10
\BOOKMARK [2][-]{subsection.23}{\376\377\0002\000.\0003\000.\0001\000\040\000F\000a\000c\000e\000b\000o\000o\000k}{section.22}% 11
\BOOKMARK [2][-]{subsection.32}{\376\377\0002\000.\0003\000.\0002\000\040\000T\000w\000i\000t\000t\000e\000r}{section.22}% 12
\BOOKMARK [2][-]{subsection.41}{\376\377\0002\000.\0003\000.\0003\000\040\000G\000o\000o\000g\000l\000e\000\040\000C\000a\000l\000e\000n\000d\000a\000r}{section.22}% 13
\BOOKMARK [2][-]{subsection.49}{\376\377\0002\000.\0003\000.\0004\000\040\000G\000o\000o\000g\000l\000e\000\040\000T\000a\000s\000k\000s}{section.22}% 14
\BOOKMARK [2][-]{subsection.52}{\376\377\0002\000.\0003\000.\0005\000\040\000A\000n\000d\000r\000o\000i\000d\000\040\000S\000M\000S}{section.22}% 15
\BOOKMARK [1][-]{section.70}{\376\377\0002\000.\0004\000\040\000S\000e\000m\000a\000n\000t\000i\000c\000\040\000A\000n\000a\000l\000y\000s\000i\000s}{chapter.19}% 16
\BOOKMARK [2][-]{subsection.71}{\376\377\0002\000.\0004\000.\0001\000\040\000D\000a\000t\000u\000m\000B\000o\000x\000\040\000A\000P\000I\000\040\000a\000n\000d\000\040\000u\000s\000a\000g\000e}{section.70}% 17
\BOOKMARK [1][-]{section.86}{\376\377\0002\000.\0005\000\040\000S\000o\000r\000t\000i\000n\000g\000\040\000A\000l\000g\000o\000r\000i\000t\000h\000m\000s}{chapter.19}% 18
\BOOKMARK [1][-]{section.87}{\376\377\0002\000.\0006\000\040\000D\000a\000t\000a\000\040\000S\000o\000u\000r\000c\000e\000s\000\040\000a\000n\000d\000\040\000P\000e\000r\000s\000i\000s\000t\000e\000n\000c\000e}{chapter.19}% 19
\BOOKMARK [1][-]{section.88}{\376\377\0002\000.\0007\000\040\000R\000e\000c\000o\000m\000m\000e\000n\000d\000e\000r\000\040\000S\000y\000s\000t\000e\000m\000s}{chapter.19}% 20
\BOOKMARK [2][-]{subsection.89}{\376\377\0002\000.\0007\000.\0001\000\040\000C\000o\000l\000l\000a\000b\000o\000r\000a\000t\000i\000v\000e\000\040\000F\000i\000l\000t\000e\000r\000i\000n\000g}{section.88}% 21
\BOOKMARK [2][-]{subsection.90}{\376\377\0002\000.\0007\000.\0002\000\040\000C\000o\000n\000t\000e\000n\000t\000-\000b\000a\000s\000e\000d\000\040\000F\000i\000l\000t\000e\000r\000i\000n\000g}{section.88}% 22
\BOOKMARK [2][-]{subsection.91}{\376\377\0002\000.\0007\000.\0003\000\040\000H\000y\000b\000r\000i\000d\000\040\000R\000e\000c\000o\000m\000m\000e\000n\000d\000e\000r\000\040\000S\000y\000s\000t\000e\000m\000s}{section.88}% 23
\BOOKMARK [2][-]{subsection.92}{\376\377\0002\000.\0007\000.\0004\000\040\000T\000h\000e\000\040\000U\000t\000i\000l\000i\000t\000y\000\040\000M\000a\000t\000r\000i\000x}{section.88}% 24
\BOOKMARK [3][-]{subsubsection.93}{\376\377\0002\000.\0007\000.\0004\000.\0001\000\040\000P\000o\000p\000u\000l\000a\000t\000i\000n\000g\000\040\000t\000h\000e\000\040\000U\000t\000i\000l\000i\000t\000y\000\040\000M\000a\000t\000r\000i\000x}{subsection.92}% 25
\BOOKMARK [1][-]{section.96}{\376\377\0002\000.\0008\000\040\000U\000s\000e\000r\000\040\000P\000r\000o\000f\000i\000l\000e}{chapter.19}% 26
\BOOKMARK [1][-]{section.97}{\376\377\0002\000.\0009\000\040\000S\000c\000o\000r\000i\000n\000g\000\040\000R\000u\000l\000e}{chapter.19}% 27
\BOOKMARK [2][-]{subsection.98}{\376\377\0002\000.\0009\000.\0001\000\040\000T\000o\000p\000i\000c\000-\000c\000l\000a\000s\000s\000i\000f\000i\000c\000a\000t\000i\000o\000n\000\040\000s\000c\000o\000r\000i\000n\000g\000\040\000f\000o\000r\000m\000u\000l\000a\000e}{section.97}% 28
\BOOKMARK [2][-]{subsection.100}{\376\377\0002\000.\0009\000.\0002\000\040\000U\000n\000w\000e\000i\000g\000h\000t\000e\000d\000\040\000S\000c\000o\000r\000i\000n\000g\000\040\000R\000u\000l\000e}{section.97}% 29
\BOOKMARK [2][-]{subsection.102}{\376\377\0002\000.\0009\000.\0003\000\040\000W\000e\000i\000g\000h\000t\000e\000d\000\040\000S\000c\000o\000r\000i\000n\000g\000\040\000R\000u\000l\000e}{section.97}% 30
\BOOKMARK [2][-]{subsection.109}{\376\377\0002\000.\0009\000.\0004\000\040\000T\000i\000m\000e\000-\000R\000e\000l\000e\000v\000a\000n\000c\000e\000\040\000a\000n\000d\000\040\000I\000t\000e\000m\000\040\000r\000e\000m\000o\000v\000a\000l}{section.97}% 31
\BOOKMARK [1][-]{section.116}{\376\377\0002\000.\0001\0000\000\040\000L\000e\000x\000i\000c\000a\000l\000\040\000A\000n\000a\000l\000y\000s\000i\000s\000\040\000a\000n\000d\000\040\000P\000r\000e\000p\000r\000o\000c\000e\000s\000s\000i\000n\000g}{chapter.19}% 32
\BOOKMARK [1][-]{section.117}{\376\377\0002\000.\0001\0001\000\040\000R\000a\000n\000k\000i\000n\000g\000\040\000A\000l\000g\000o\000r\000i\000t\000h\000m}{chapter.19}% 33
\BOOKMARK [0][-]{chapter.119}{\376\377\0003\000\040\000R\000e\000p\000o\000r\000t\000\040\000o\000n\000\040\000T\000e\000c\000h\000n\000i\000c\000a\000l\000\040\000P\000r\000o\000g\000r\000e\000s\000s}{}% 34
\BOOKMARK [1][-]{section.120}{\376\377\0003\000.\0001\000\040\000A\000\040\000S\000e\000c\000t\000i\000o\000n}{chapter.119}% 35
\BOOKMARK [2][-]{subsection.121}{\376\377\0003\000.\0001\000.\0001\000\040\000A\000\040\000S\000u\000b\000s\000e\000c\000t\000i\000o\000n}{section.120}% 36
\BOOKMARK [1][-]{section.122}{\376\377\0003\000.\0002\000\040\000A\000n\000o\000t\000h\000e\000r\000\040\000S\000e\000c\000t\000i\000o\000n}{chapter.119}% 37
\BOOKMARK [0][-]{chapter.123}{\376\377\0004\000\040\000P\000l\000a\000n\000\040\000o\000f\000\040\000R\000e\000m\000a\000i\000n\000i\000n\000g\000\040\000W\000o\000r\000k}{}% 38
\BOOKMARK [1][-]{section.124}{\376\377\0004\000.\0001\000\040\000R\000e\000m\000a\000i\000n\000i\000n\000g\000\040\000w\000o\000r\000k}{chapter.123}% 39
\BOOKMARK [2][-]{subsection.125}{\376\377\0004\000.\0001\000.\0001\000\040\000A\000l\000g\000o\000r\000i\000t\000h\000m\000\040\000a\000n\000d\000\040\000J\000a\000v\000a\000\040\000A\000P\000I\000\040\000I\000m\000p\000l\000e\000m\000e\000n\000t\000a\000t\000i\000o\000n}{section.124}% 40
\BOOKMARK [2][-]{subsection.126}{\376\377\0004\000.\0001\000.\0002\000\040\000D\000e\000m\000o\000n\000s\000t\000r\000a\000t\000i\000o\000n\000\040\000A\000p\000p\000l\000i\000c\000a\000t\000i\000o\000n}{section.124}% 41
\BOOKMARK [1][-]{section.127}{\376\377\0004\000.\0002\000\040\000P\000l\000a\000n\000n\000i\000n\000g\000\040\000a\000n\000d\000\040\000C\000o\000n\000t\000i\000n\000g\000e\000n\000c\000y}{chapter.123}% 42
\BOOKMARK [2][-]{subsection.128}{\376\377\0004\000.\0002\000.\0001\000\040\000A\000l\000g\000o\000r\000i\000t\000h\000m\000\040\000a\000n\000d\000\040\000J\000a\000v\000a\000\040\000A\000P\000I\000\040\000I\000m\000p\000l\000e\000m\000e\000n\000t\000a\000t\000i\000o\000n}{section.127}% 43
\BOOKMARK [2][-]{subsection.129}{\376\377\0004\000.\0002\000.\0002\000\040\000D\000e\000m\000o\000n\000s\000t\000r\000a\000t\000i\000o\000n\000\040\000A\000p\000p\000l\000i\000c\000a\000t\000i\000o\000n}{section.127}% 44
\BOOKMARK [0][-]{appendix.131}{\376\377\000A\000\040\000P\000r\000o\000j\000e\000c\000t\000\040\000B\000r\000i\000e\000f}{}% 45
\BOOKMARK [1][-]{section*.132}{\376\377\000P\000r\000o\000b\000l\000e\000m}{appendix.131}% 46
\BOOKMARK [2][-]{section*.133}{\376\377\000G\000o\000a\000l\000s}{section*.132}% 47
\BOOKMARK [3][-]{section*.134}{\376\377\000S\000c\000o\000p\000e}{section*.133}% 48
\BOOKMARK [0][-]{dummy.135}{\376\377\000B\000i\000b\000l\000i\000o\000g\000r\000a\000p\000h\000y}{}% 49
